#
# There is insufficient memory for the Java Runtime Environment to continue.
# Native memory allocation (malloc) failed to allocate 1048576 bytes for AllocateHeap
# Possible reasons:
#   The system is out of physical RAM or swap space
#   In 32 bit mode, the process size limit was hit
# Possible solutions:
#   Reduce memory load on the system
#   Increase physical memory or swap space
#   Check if swap backing store is full
#   Use 64 bit Java on a 64 bit OS
#   Decrease Java heap size (-Xmx/-Xms)
#   Decrease number of Java threads
#   Decrease Java thread stack sizes (-Xss)
#   Set larger code cache with -XX:ReservedCodeCacheSize=
# This output file may be truncated or incomplete.
#
#  Out of Memory Error (memory/allocation.inline.hpp:61), pid=16948, tid=0x000000000000435c
#
# JRE version:  (8.0_144-b01) (build )
# Java VM: Java HotSpot(TM) 64-Bit Server VM (25.144-b01 mixed mode windows-amd64 compressed oops)
# Failed to write core dump. Minidumps are not enabled by default on client versions of Windows
#

---------------  T H R E A D  ---------------

Current thread (0x00000000033b7000):  JavaThread "Unknown thread" [_thread_in_vm, id=17244, stack(0x00000000032b0000,0x00000000033b0000)]

Stack: [0x00000000032b0000,0x00000000033b0000]
[error occurred during error reporting (printing stack bounds), id 0xc0000005]

Native frames: (J=compiled Java code, j=interpreted, Vv=VM code, C=native code)


---------------  P R O C E S S  ---------------

Java Threads: ( => current thread )

Other Threads:

=>0x00000000033b7000 (exited) JavaThread "Unknown thread" [_thread_in_vm, id=17244, stack(0x00000000032b0000,0x00000000033b0000)]

VM state:not at safepoint (normal execution)

VM Mutex/Monitor currently owned by a thread: None

Heap:
 PSYoungGen      total 76288K, used 1310K [0x000000076b380000, 0x0000000770880000, 0x00000007c0000000)
  eden space 65536K, 2% used [0x000000076b380000,0x000000076b4c7af0,0x000000076f380000)
  from space 10752K, 0% used [0x000000076fe00000,0x000000076fe00000,0x0000000770880000)
  to   space 10752K, 0% used [0x000000076f380000,0x000000076f380000,0x000000076fe00000)
 ParOldGen       total 175104K, used 0K [0x00000006c1a00000, 0x00000006cc500000, 0x000000076b380000)
  object space 175104K, 0% used [0x00000006c1a00000,0x00000006c1a00000,0x00000006cc500000)
 Metaspace       used 770K, capacity 4480K, committed 4480K, reserved 1056768K
  class space    used 75K, capacity 384K, committed 384K, reserved 1048576K

Card table byte_map: [0x0000000012870000,0x0000000013070000] byte_map_base: 0x000000000f263000

Marking Bits: (ParMarkBitMap*) 0x000000006f6dd850
 Begin Bits: [0x0000000013dc0000, 0x0000000017d58000)
 End Bits:   [0x0000000017d58000, 0x000000001bcf0000)

Polling page: 0x0000000001380000

CodeCache: size=245760Kb used=328Kb max_used=328Kb free=245431Kb
 bounds [0x00000000034b0000, 0x0000000003720000, 0x00000000124b0000]
 total_blobs=58 nmethods=0 adapters=38
 compilation: enabled

Compilation events (0 events):
No events

GC Heap History (0 events):
No events

Deoptimization events (0 events):
No events

Internal exceptions (0 events):
No events

Events (10 events):
Event: 0.025 loading class java/lang/Short
Event: 0.025 loading class java/lang/Short done
Event: 0.025 loading class java/lang/Integer
Event: 0.025 loading class java/lang/Integer done
Event: 0.025 loading class java/lang/Long
Event: 0.025 loading class java/lang/Long done
Event: 0.026 loading class java/lang/NullPointerException
Event: 0.026 loading class java/lang/NullPointerException done
Event: 0.026 loading class java/lang/ArithmeticException
Event: 0.026 loading class java/lang/ArithmeticException done


Dynamic libraries:
0x00007ff687130000 - 0x00007ff687167000 	C:\Program Files\Java\jdk1.8.0_144\bin\javaw.exe
0x00007ffcfe000000 - 0x00007ffcfe1d2000 	C:\WINDOWS\SYSTEM32\ntdll.dll
0x00007ffcfd350000 - 0x00007ffcfd3fc000 	C:\WINDOWS\System32\KERNEL32.DLL
0x00007ffcfaf30000 - 0x00007ffcfb14d000 	C:\WINDOWS\System32\KERNELBASE.dll
0x00000000718b0000 - 0x0000000071963000 	C:\Program Files\Bitdefender\Bitdefender 2017\active virus control\Avc3_00153_045\avcuf64.dll
0x00007ffce4140000 - 0x00007ffce41e7000 	C:\Program Files\Bitdefender\Bitdefender 2017\atcuf\262993534865317148\atcuf64.dll
0x00007ffcfd400000 - 0x00007ffcfd4a2000 	C:\WINDOWS\System32\ADVAPI32.dll
0x00007ffcfb610000 - 0x00007ffcfb6ae000 	C:\WINDOWS\System32\msvcrt.dll
0x00007ffcfb6b0000 - 0x00007ffcfb709000 	C:\WINDOWS\System32\sechost.dll
0x00007ffcfd4b0000 - 0x00007ffcfd5d1000 	C:\WINDOWS\System32\RPCRT4.dll
0x00007ffcfce80000 - 0x00007ffcfcfe5000 	C:\WINDOWS\System32\USER32.dll
0x00007ffcfadb0000 - 0x00007ffcfadce000 	C:\WINDOWS\System32\win32u.dll
0x00007ffcfb5d0000 - 0x00007ffcfb604000 	C:\WINDOWS\System32\GDI32.dll
0x00007ffcfb300000 - 0x00007ffcfb480000 	C:\WINDOWS\System32\gdi32full.dll
0x00007ffce96b0000 - 0x00007ffce992a000 	C:\WINDOWS\WinSxS\amd64_microsoft.windows.common-controls_6595b64144ccf1df_6.0.14393.953_none_42151e83c686086b\COMCTL32.dll
0x00007ffcfdcc0000 - 0x00007ffcfdf88000 	C:\WINDOWS\System32\combase.dll
0x00007ffcfadd0000 - 0x00007ffcfaec5000 	C:\WINDOWS\System32\ucrtbase.dll
0x00007ffcfb480000 - 0x00007ffcfb4ea000 	C:\WINDOWS\System32\bcryptPrimitives.dll
0x00007ffcfb590000 - 0x00007ffcfb5be000 	C:\WINDOWS\System32\IMM32.DLL
0x00000000713b0000 - 0x0000000071482000 	C:\Program Files\Java\jdk1.8.0_144\jre\bin\msvcr100.dll
0x000000006eec0000 - 0x000000006f75d000 	C:\Program Files\Java\jdk1.8.0_144\jre\bin\server\jvm.dll
0x00007ffcfb5c0000 - 0x00007ffcfb5c8000 	C:\WINDOWS\System32\PSAPI.DLL
0x00007ffcedd50000 - 0x00007ffcedd59000 	C:\WINDOWS\SYSTEM32\WSOCK32.dll
0x00007ffcfd770000 - 0x00007ffcfd7da000 	C:\WINDOWS\System32\WS2_32.dll
0x00007ffcf8520000 - 0x00007ffcf8543000 	C:\WINDOWS\SYSTEM32\WINMM.dll
0x00007ffcf6300000 - 0x00007ffcf630a000 	C:\WINDOWS\SYSTEM32\VERSION.dll
0x00007ffcf8430000 - 0x00007ffcf845b000 	C:\WINDOWS\SYSTEM32\WINMMBASE.dll
0x00007ffcfb2b0000 - 0x00007ffcfb2f2000 	C:\WINDOWS\System32\cfgmgr32.dll
0x00000000713a0000 - 0x00000000713af000 	C:\Program Files\Java\jdk1.8.0_144\jre\bin\verify.dll
0x0000000071370000 - 0x0000000071399000 	C:\Program Files\Java\jdk1.8.0_144\jre\bin\java.dll
0x0000000071350000 - 0x0000000071366000 	C:\Program Files\Java\jdk1.8.0_144\jre\bin\zip.dll

VM Arguments:
jvm_args: -Dcom.sun.management.jmxremote -Dcom.sun.management.jmxremote.port=62603 -Dcom.sun.management.jmxremote.authenticate=false -Dcom.sun.management.jmxremote.ssl=false -Djava.rmi.server.hostname=localhost -Dspring.liveBeansView.mbeanDomain -Dspring.application.admin.enabled=true -Xverify:none -XX:TieredStopAtLevel=1 -Dfile.encoding=UTF-8 
java_command: com.allianz.training.cloud.ConsumerfeignApplication
java_class_path (initial): F:\STS_Workspace\consumerfeign\target\classes;C:\Users\Osman\.m2\repository\org\springframework\boot\spring-boot-starter-actuator\1.5.7.RELEASE\spring-boot-starter-actuator-1.5.7.RELEASE.jar;C:\Users\Osman\.m2\repository\org\springframework\boot\spring-boot-starter\1.5.7.RELEASE\spring-boot-starter-1.5.7.RELEASE.jar;C:\Users\Osman\.m2\repository\org\springframework\boot\spring-boot\1.5.7.RELEASE\spring-boot-1.5.7.RELEASE.jar;C:\Users\Osman\.m2\repository\org\springframework\boot\spring-boot-autoconfigure\1.5.7.RELEASE\spring-boot-autoconfigure-1.5.7.RELEASE.jar;C:\Users\Osman\.m2\repository\org\springframework\boot\spring-boot-starter-logging\1.5.7.RELEASE\spring-boot-starter-logging-1.5.7.RELEASE.jar;C:\Users\Osman\.m2\repository\ch\qos\logback\logback-classic\1.1.11\logback-classic-1.1.11.jar;C:\Users\Osman\.m2\repository\ch\qos\logback\logback-core\1.1.11\logback-core-1.1.11.jar;C:\Users\Osman\.m2\repository\org\slf4j\jcl-over-slf4j\1.7.25\jcl-over-slf4j-1.7.25.jar;C:\Users\Osman\.m2\repository\org\slf4j\jul-to-slf4j\1.7.25\jul-to-slf4j-1.7.25.jar;C:\Users\Osman\.m2\repository\org\slf4j\log4j-over-slf4j\1.7.25\log4j-over-slf4j-1.7.25.jar;C:\Users\Osman\.m2\repository\org\yaml\snakeyaml\1.17\snakeyaml-1.17.jar;C:\Users\Osman\.m2\repository\org\springframework\boot\spring-boot-actuator\1.5.7.RELEASE\spring-boot-actuator-1.5.7.RELEASE.jar;C:\Users\Osman\.m2\repository\org\springframework\spring-context\4.3.11.RELEASE\spring-context-4.3.11.RELEASE.jar;C:\Users\Osman\.m2\repository\org\springframework\cloud\spring-cloud-starter-config\1.3.3.RELEASE\spring-cloud-starter-config-1.3.3.RELEASE.jar;C:\Users\Osman\.m2\repository\org\springframework\cloud\spring-cloud-starter\1.2.4.RELEASE\spring-cloud-starter-1.2.4.RELEASE.jar;C:\Users\Osman\.m2\repository\org\springframework\cloud\spring-cloud-context\1.2.4.RELEASE\spring-cloud-context-1.2.4.RELEASE.jar;C:\Users\Osman\.m2\repository\org\springframework\security\spring-security-rsa\1.0.3.RELEASE
Launcher Type: SUN_STANDARD

Environment Variables:
JAVA_HOME=C:\Program Files\Java\jdk1.8.0_66
PATH=C:/Program Files/Java/jre1.8.0_144/bin/server;C:/Program Files/Java/jre1.8.0_144/bin;C:/Program Files/Java/jre1.8.0_144/lib/amd64;C:\ProgramData\Oracle\Java\javapath;C:\Windows\system32;C:\Windows;C:\Windows\System32\Wbem;C:\Windows\System32\WindowsPowerShell\v1.0\;C:\Program Files (x86)\NVIDIA Corporation\PhysX\Common;C:\Program Files\Git\cmd;C:\servers\apache-maven\bin\;C:\Program Files (x86)\Brackets\command;C:\utils\apache-ant-1.9.7\bin\;C:\WINDOWS\system32;C:\WINDOWS;C:\WINDOWS\System32\Wbem;C:\WINDOWS\System32\WindowsPowerShell\v1.0\;C:\Program Files\Java\jdk1.8.0_144\bin;C:\ProgramData\Oracle\Java\javapath;C:\Windows\system32;C:\Windows;C:\Windows\System32\Wbem;C:\Windows\System32\WindowsPowerShell\v1.0\;C:\Program Files (x86)\NVIDIA Corporation\PhysX\Common;C:\Program Files\Git\cmd;C:\servers\apache-maven\bin\;C:\Program Files (x86)\Brackets\command;C:\utils\apache-ant-1.9.7\bin\;C:\WINDOWS\system32;C:\WINDOWS;C:\WINDOWS\System32\Wbem;C:\WINDOWS\System32\WindowsPowerShell\v1.0\;C:\Users\Osman\AppData\Local\Microsoft\WindowsApps;F:\sts-bundle\sts-3.9.0.RELEASE;
USERNAME=Osman
OS=Windows_NT
PROCESSOR_IDENTIFIER=Intel64 Family 6 Model 60 Stepping 3, GenuineIntel



---------------  S Y S T E M  ---------------

OS: Windows 10.0 , 64 bit Build 14393 (10.0.14393.1198)

CPU:total 8 (initial active 8) (4 cores per cpu, 2 threads per core) family 6 model 60 stepping 3, cmov, cx8, fxsr, mmx, sse, sse2, sse3, ssse3, sse4.1, sse4.2, popcnt, avx, avx2, aes, clmul, erms, lzcnt, ht, tsc, tscinvbit, bmi1, bmi2

Memory: 4k page, physical 16665172k(5721884k free), swap 22222608k(5708k free)

vm_info: Java HotSpot(TM) 64-Bit Server VM (25.144-b01) for windows-amd64 JRE (1.8.0_144-b01), built on Jul 21 2017 21:57:33 by "java_re" with MS VC++ 10.0 (VS2010)

time: Thu Oct 05 11:57:29 2017
elapsed time: 0 seconds (0d 0h 0m 0s)

